<?xml version="1.0" encoding="UTF-8"?>
<!-- Generated by org.testng.reporters.JUnitReportReporter -->
<testsuite hostname="GLB-132-PC" failures="0" tests="1" name="com.test.ExceptionTimeOutTest" time="0.010" errors="0" timestamp="12 Aug 2019 06:43:39 GMT" skipped="0">
  <testcase classname="com.test.ExceptionTimeOutTest" name="test" time="0.010"/>
</testsuite> <!-- com.test.ExceptionTimeOutTest -->
