<?xml version="1.0" encoding="UTF-8"?>
<!-- Generated by org.testng.reporters.JUnitReportReporter -->
<testsuite hostname="GLB-132-PC" failures="0" tests="1" name="com.test.TestngBasic" time="0.007" errors="0" timestamp="08 Aug 2019 12:36:38 GMT" skipped="0">
  <testcase classname="com.test.TestngBasic" name="googletitleTest" time="0.007"/>
</testsuite> <!-- com.test.TestngBasic -->
