<?xml version="1.0" encoding="UTF-8"?>
<!-- Generated by org.testng.reporters.JUnitReportReporter -->
<testsuite hostname="GLB-132-PC" failures="0" tests="1" name="com.test.GoogleTitleTest" time="7.784" errors="0" timestamp="12 Aug 2019 07:13:47 GMT" skipped="0">
  <testcase classname="com.test.GoogleTitleTest" name="googletitleTest" time="7.784"/>
</testsuite> <!-- com.test.GoogleTitleTest -->
