<?xml version="1.0" encoding="UTF-8"?>
<!-- Generated by org.testng.reporters.JUnitReportReporter -->
<testsuite hostname="GLB-132-PC" failures="0" tests="3" name="com.test.TestNgFeatureTest" time="0.023" errors="0" timestamp="12 Aug 2019 06:11:25 GMT" skipped="0">
  <testcase classname="com.test.TestNgFeatureTest" name="logintest" time="0.017"/>
  <testcase classname="com.test.TestNgFeatureTest" name="Homepagetest" time="0.002"/>
  <testcase classname="com.test.TestNgFeatureTest" name="searchtest" time="0.004"/>
</testsuite> <!-- com.test.TestNgFeatureTest -->
