<?xml version="1.0" encoding="UTF-8"?>
<!-- Generated by org.testng.reporters.JUnitReportReporter -->
<testsuite hostname="GLB-132-PC" failures="0" tests="4" name="com.test.GoogleTest" time="41.393" errors="0" timestamp="10 Aug 2019 09:14:20 GMT" skipped="0">
  <testcase classname="com.test.GoogleTest" name="test" time="7.206"/>
  <testcase classname="com.test.GoogleTest" name="googletitleTest" time="7.182"/>
  <testcase classname="com.test.GoogleTest" name="test1" time="18.744"/>
  <testcase classname="com.test.GoogleTest" name="test3" time="8.261"/>
</testsuite> <!-- com.test.GoogleTest -->
