<?xml version="1.0" encoding="UTF-8"?>
<!-- Generated by org.testng.reporters.JUnitReportReporter -->
<testsuite hostname="GLB-132-PC" failures="0" tests="5" name="com.test.InvocationCountTest" time="0.027" errors="0" timestamp="12 Aug 2019 06:18:05 GMT" skipped="0">
  <testcase classname="com.test.InvocationCountTest" name="sum" time="0.014"/>
  <testcase classname="com.test.InvocationCountTest" name="sum" time="0.007"/>
  <testcase classname="com.test.InvocationCountTest" name="sum" time="0.002"/>
  <testcase classname="com.test.InvocationCountTest" name="sum" time="0.002"/>
  <testcase classname="com.test.InvocationCountTest" name="sum" time="0.002"/>
</testsuite> <!-- com.test.InvocationCountTest -->
